<?xml version="1.0" encoding="UTF-8"?>
<testsuite xmlns:xsi="http://www.w3.org/2001/XMLSchema-instance" xsi:noNamespaceSchemaLocation="https://maven.apache.org/surefire/maven-surefire-plugin/xsd/surefire-test-report.xsd" name="com.chomolungma.auth.CdpApplicationTest" time="0.007" tests="1" errors="0" skipped="0" failures="0">
  <properties>
    <property name="gopherProxySet" value="false"/>
    <property name="awt.toolkit" value="sun.lwawt.macosx.LWCToolkit"/>
    <property name="file.encoding.pkg" value="sun.io"/>
    <property name="java.specification.version" value="1.8"/>
    <property name="sun.cpu.isalist" value=""/>
    <property name="sun.jnu.encoding" value="UTF-8"/>
    <property name="java.class.path" value="/Users/taoyj/Documents/1-项目管理/1-程序管理/1-开发项目管理/1-珠峰开发管理平台/4-开发平台(开源)/cdp/cdp-system/target/test-classes:/Users/taoyj/Documents/1-项目管理/1-程序管理/1-开发项目管理/1-珠峰开发管理平台/4-开发平台(开源)/cdp/cdp-system/target/classes:/Users/taoyj/.m2/repository/junit/junit/4.13.2/junit-4.13.2.jar:/Users/taoyj/.m2/repository/org/hamcrest/hamcrest-core/1.3/hamcrest-core-1.3.jar:/Users/taoyj/.m2/repository/com/chomolungma/cdp-common/1.0-SNAPSHOT/cdp-common-1.0-SNAPSHOT.jar:/Users/taoyj/.m2/repository/com/chomolungma/cdp-core/1.0-SNAPSHOT/cdp-core-1.0-SNAPSHOT.jar:/Users/taoyj/.m2/repository/org/springframework/boot/spring-boot-starter-web/2.1.17.RELEASE/spring-boot-starter-web-2.1.17.RELEASE.jar:/Users/taoyj/.m2/repository/org/springframework/boot/spring-boot-starter/2.1.17.RELEASE/spring-boot-starter-2.1.17.RELEASE.jar:/Users/taoyj/.m2/repository/org/springframework/boot/spring-boot/2.1.17.RELEASE/spring-boot-2.1.17.RELEASE.jar:/Users/taoyj/.m2/repository/org/springframework/boot/spring-boot-starter-logging/2.1.17.RELEASE/spring-boot-starter-logging-2.1.17.RELEASE.jar:/Users/taoyj/.m2/repository/ch/qos/logback/logback-classic/1.2.3/logback-classic-1.2.3.jar:/Users/taoyj/.m2/repository/ch/qos/logback/logback-core/1.2.3/logback-core-1.2.3.jar:/Users/taoyj/.m2/repository/org/apache/logging/log4j/log4j-to-slf4j/2.11.2/log4j-to-slf4j-2.11.2.jar:/Users/taoyj/.m2/repository/org/apache/logging/log4j/log4j-api/2.11.2/log4j-api-2.11.2.jar:/Users/taoyj/.m2/repository/org/slf4j/jul-to-slf4j/1.7.30/jul-to-slf4j-1.7.30.jar:/Users/taoyj/.m2/repository/javax/annotation/javax.annotation-api/1.3.2/javax.annotation-api-1.3.2.jar:/Users/taoyj/.m2/repository/org/springframework/spring-core/5.1.18.RELEASE/spring-core-5.1.18.RELEASE.jar:/Users/taoyj/.m2/repository/org/springframework/spring-jcl/5.1.18.RELEASE/spring-jcl-5.1.18.RELEASE.jar:/Users/taoyj/.m2/repository/org/yaml/snakeyaml/1.23/snakeyaml-1.23.jar:/Users/taoyj/.m2/repository/org/springframework/boot/spring-boot-starter-json/2.1.17.RELEASE/spring-boot-starter-json-2.1.17.RELEASE.jar:/Users/taoyj/.m2/repository/com/fasterxml/jackson/datatype/jackson-datatype-jdk8/2.9.10/jackson-datatype-jdk8-2.9.10.jar:/Users/taoyj/.m2/repository/com/fasterxml/jackson/datatype/jackson-datatype-jsr310/2.9.10/jackson-datatype-jsr310-2.9.10.jar:/Users/taoyj/.m2/repository/com/fasterxml/jackson/module/jackson-module-parameter-names/2.9.10/jackson-module-parameter-names-2.9.10.jar:/Users/taoyj/.m2/repository/org/springframework/boot/spring-boot-starter-tomcat/2.1.17.RELEASE/spring-boot-starter-tomcat-2.1.17.RELEASE.jar:/Users/taoyj/.m2/repository/org/apache/tomcat/embed/tomcat-embed-core/9.0.38/tomcat-embed-core-9.0.38.jar:/Users/taoyj/.m2/repository/org/apache/tomcat/embed/tomcat-embed-el/9.0.38/tomcat-embed-el-9.0.38.jar:/Users/taoyj/.m2/repository/org/apache/tomcat/embed/tomcat-embed-websocket/9.0.38/tomcat-embed-websocket-9.0.38.jar:/Users/taoyj/.m2/repository/org/hibernate/validator/hibernate-validator/6.0.20.Final/hibernate-validator-6.0.20.Final.jar:/Users/taoyj/.m2/repository/javax/validation/validation-api/2.0.1.Final/validation-api-2.0.1.Final.jar:/Users/taoyj/.m2/repository/org/jboss/logging/jboss-logging/3.3.3.Final/jboss-logging-3.3.3.Final.jar:/Users/taoyj/.m2/repository/com/fasterxml/classmate/1.4.0/classmate-1.4.0.jar:/Users/taoyj/.m2/repository/org/springframework/spring-web/5.1.18.RELEASE/spring-web-5.1.18.RELEASE.jar:/Users/taoyj/.m2/repository/org/springframework/spring-beans/5.1.18.RELEASE/spring-beans-5.1.18.RELEASE.jar:/Users/taoyj/.m2/repository/org/springframework/spring-webmvc/5.1.18.RELEASE/spring-webmvc-5.1.18.RELEASE.jar:/Users/taoyj/.m2/repository/org/springframework/spring-context/5.1.18.RELEASE/spring-context-5.1.18.RELEASE.jar:/Users/taoyj/.m2/repository/org/springframework/spring-expression/5.1.18.RELEASE/spring-expression-5.1.18.RELEASE.jar:/Users/taoyj/.m2/repository/org/springframework/boot/spring-boot-starter-security/2.1.17.RELEASE/spring-boot-starter-security-2.1.17.RELEASE.jar:/Users/taoyj/.m2/repository/org/springframework/spring-aop/5.1.18.RELEASE/spring-aop-5.1.18.RELEASE.jar:/Users/taoyj/.m2/repository/org/springframework/security/spring-security-config/5.1.12.RELEASE/spring-security-config-5.1.12.RELEASE.jar:/Users/taoyj/.m2/repository/org/springframework/security/spring-security-core/5.1.12.RELEASE/spring-security-core-5.1.12.RELEASE.jar:/Users/taoyj/.m2/repository/org/springframework/security/spring-security-web/5.1.12.RELEASE/spring-security-web-5.1.12.RELEASE.jar:/Users/taoyj/.m2/repository/com/github/ben-manes/caffeine/caffeine/2.6.2/caffeine-2.6.2.jar:/Users/taoyj/.m2/repository/com/baomidou/mybatis-plus-boot-starter/3.5.2/mybatis-plus-boot-starter-3.5.2.jar:/Users/taoyj/.m2/repository/com/baomidou/mybatis-plus/3.5.2/mybatis-plus-3.5.2.jar:/Users/taoyj/.m2/repository/com/baomidou/mybatis-plus-extension/3.5.2/mybatis-plus-extension-3.5.2.jar:/Users/taoyj/.m2/repository/com/baomidou/mybatis-plus-core/3.5.2/mybatis-plus-core-3.5.2.jar:/Users/taoyj/.m2/repository/com/baomidou/mybatis-plus-annotation/3.5.2/mybatis-plus-annotation-3.5.2.jar:/Users/taoyj/.m2/repository/org/jetbrains/kotlin/kotlin-stdlib-jdk8/1.2.71/kotlin-stdlib-jdk8-1.2.71.jar:/Users/taoyj/.m2/repository/org/jetbrains/kotlin/kotlin-stdlib/1.2.71/kotlin-stdlib-1.2.71.jar:/Users/taoyj/.m2/repository/org/jetbrains/kotlin/kotlin-stdlib-common/1.2.71/kotlin-stdlib-common-1.2.71.jar:/Users/taoyj/.m2/repository/org/jetbrains/annotations/13.0/annotations-13.0.jar:/Users/taoyj/.m2/repository/org/jetbrains/kotlin/kotlin-stdlib-jdk7/1.2.71/kotlin-stdlib-jdk7-1.2.71.jar:/Users/taoyj/.m2/repository/org/springframework/boot/spring-boot-autoconfigure/2.1.17.RELEASE/spring-boot-autoconfigure-2.1.17.RELEASE.jar:/Users/taoyj/.m2/repository/org/springframework/boot/spring-boot-starter-jdbc/2.1.17.RELEASE/spring-boot-starter-jdbc-2.1.17.RELEASE.jar:/Users/taoyj/.m2/repository/com/zaxxer/HikariCP/3.2.0/HikariCP-3.2.0.jar:/Users/taoyj/.m2/repository/org/springframework/spring-jdbc/5.1.18.RELEASE/spring-jdbc-5.1.18.RELEASE.jar:/Users/taoyj/.m2/repository/org/springframework/spring-tx/5.1.18.RELEASE/spring-tx-5.1.18.RELEASE.jar:/Users/taoyj/.m2/repository/org/projectlombok/lombok/1.18.24/lombok-1.18.24.jar:/Users/taoyj/.m2/repository/com/github/pagehelper/pagehelper-spring-boot-starter/1.4.6/pagehelper-spring-boot-starter-1.4.6.jar:/Users/taoyj/.m2/repository/org/mybatis/spring/boot/mybatis-spring-boot-starter/2.2.2/mybatis-spring-boot-starter-2.2.2.jar:/Users/taoyj/.m2/repository/org/mybatis/spring/boot/mybatis-spring-boot-autoconfigure/2.2.2/mybatis-spring-boot-autoconfigure-2.2.2.jar:/Users/taoyj/.m2/repository/org/mybatis/mybatis/3.5.9/mybatis-3.5.9.jar:/Users/taoyj/.m2/repository/org/mybatis/mybatis-spring/2.0.7/mybatis-spring-2.0.7.jar:/Users/taoyj/.m2/repository/com/github/pagehelper/pagehelper-spring-boot-autoconfigure/1.4.6/pagehelper-spring-boot-autoconfigure-1.4.6.jar:/Users/taoyj/.m2/repository/com/github/pagehelper/pagehelper/5.3.2/pagehelper-5.3.2.jar:/Users/taoyj/.m2/repository/com/github/jsqlparser/jsqlparser/4.5/jsqlparser-4.5.jar:/Users/taoyj/.m2/repository/com/alibaba/easyexcel/3.1.3/easyexcel-3.1.3.jar:/Users/taoyj/.m2/repository/com/alibaba/easyexcel-core/3.1.3/easyexcel-core-3.1.3.jar:/Users/taoyj/.m2/repository/com/alibaba/easyexcel-support/3.1.3/easyexcel-support-3.1.3.jar:/Users/taoyj/.m2/repository/org/apache/poi/poi/4.1.2/poi-4.1.2.jar:/Users/taoyj/.m2/repository/commons-codec/commons-codec/1.11/commons-codec-1.11.jar:/Users/taoyj/.m2/repository/org/apache/commons/commons-collections4/4.4/commons-collections4-4.4.jar:/Users/taoyj/.m2/repository/org/apache/commons/commons-math3/3.6.1/commons-math3-3.6.1.jar:/Users/taoyj/.m2/repository/com/zaxxer/SparseBitSet/1.2/SparseBitSet-1.2.jar:/Users/taoyj/.m2/repository/org/apache/poi/poi-ooxml/4.1.2/poi-ooxml-4.1.2.jar:/Users/taoyj/.m2/repository/org/apache/commons/commons-compress/1.19/commons-compress-1.19.jar:/Users/taoyj/.m2/repository/com/github/virtuald/curvesapi/1.06/curvesapi-1.06.jar:/Users/taoyj/.m2/repository/org/apache/poi/poi-ooxml-schemas/4.1.2/poi-ooxml-schemas-4.1.2.jar:/Users/taoyj/.m2/repository/org/apache/xmlbeans/xmlbeans/3.1.0/xmlbeans-3.1.0.jar:/Users/taoyj/.m2/repository/org/apache/commons/commons-csv/1.8/commons-csv-1.8.jar:/Users/taoyj/.m2/repository/org/ehcache/ehcache/3.6.3/ehcache-3.6.3.jar:/Users/taoyj/.m2/repository/org/slf4j/slf4j-api/1.7.30/slf4j-api-1.7.30.jar:/Users/taoyj/.m2/repository/org/mapstruct/mapstruct/1.5.3.Final/mapstruct-1.5.3.Final.jar:/Users/taoyj/.m2/repository/org/mapstruct/mapstruct-jdk8/1.5.3.Final/mapstruct-jdk8-1.5.3.Final.jar:/Users/taoyj/.m2/repository/org/mapstruct/mapstruct-processor/1.5.3.Final/mapstruct-processor-1.5.3.Final.jar:/Users/taoyj/.m2/repository/mysql/mysql-connector-java/8.0.30/mysql-connector-java-8.0.30.jar:/Users/taoyj/.m2/repository/com/auth0/java-jwt/4.2.1/java-jwt-4.2.1.jar:/Users/taoyj/.m2/repository/com/fasterxml/jackson/core/jackson-databind/2.9.10.6/jackson-databind-2.9.10.6.jar:/Users/taoyj/.m2/repository/com/fasterxml/jackson/core/jackson-annotations/2.9.10/jackson-annotations-2.9.10.jar:/Users/taoyj/.m2/repository/com/fasterxml/jackson/core/jackson-core/2.9.10/jackson-core-2.9.10.jar:/Users/taoyj/.m2/repository/eu/bitwalker/UserAgentUtils/1.21/UserAgentUtils-1.21.jar:/Users/taoyj/.m2/repository/com/alibaba/fastjson/2.0.20/fastjson-2.0.20.jar:/Users/taoyj/.m2/repository/com/alibaba/fastjson2/fastjson2-extension/2.0.20/fastjson2-extension-2.0.20.jar:/Users/taoyj/.m2/repository/com/alibaba/fastjson2/fastjson2/2.0.20/fastjson2-2.0.20.jar:"/>
    <property name="java.vm.vendor" value="Azul Systems, Inc."/>
    <property name="sun.arch.data.model" value="64"/>
    <property name="java.vendor.url" value="http://www.azul.com/"/>
    <property name="user.timezone" value=""/>
    <property name="java.vm.specification.version" value="1.8"/>
    <property name="os.name" value="Mac OS X"/>
    <property name="user.country" value="CN"/>
    <property name="sun.java.launcher" value="SUN_STANDARD"/>
    <property name="sun.boot.library.path" value="/Library/Java/JavaVirtualMachines/zulu-8.jdk/Contents/Home/jre/lib"/>
    <property name="sun.java.command" value="/Users/taoyj/Documents/1-项目管理/1-程序管理/1-开发项目管理/1-珠峰开发管理平台/4-开发平台(开源)/cdp/cdp-system/target/surefire/surefirebooter8382305914392774712.jar /Users/taoyj/Documents/1-项目管理/1-程序管理/1-开发项目管理/1-珠峰开发管理平台/4-开发平台(开源)/cdp/cdp-system/target/surefire 2022-12-14T09-56-57_148-jvmRun1 surefire4532781759539382495tmp surefire_05355200153526681779tmp"/>
    <property name="surefire.test.class.path" value="/Users/taoyj/Documents/1-项目管理/1-程序管理/1-开发项目管理/1-珠峰开发管理平台/4-开发平台(开源)/cdp/cdp-system/target/test-classes:/Users/taoyj/Documents/1-项目管理/1-程序管理/1-开发项目管理/1-珠峰开发管理平台/4-开发平台(开源)/cdp/cdp-system/target/classes:/Users/taoyj/.m2/repository/junit/junit/4.13.2/junit-4.13.2.jar:/Users/taoyj/.m2/repository/org/hamcrest/hamcrest-core/1.3/hamcrest-core-1.3.jar:/Users/taoyj/.m2/repository/com/chomolungma/cdp-common/1.0-SNAPSHOT/cdp-common-1.0-SNAPSHOT.jar:/Users/taoyj/.m2/repository/com/chomolungma/cdp-core/1.0-SNAPSHOT/cdp-core-1.0-SNAPSHOT.jar:/Users/taoyj/.m2/repository/org/springframework/boot/spring-boot-starter-web/2.1.17.RELEASE/spring-boot-starter-web-2.1.17.RELEASE.jar:/Users/taoyj/.m2/repository/org/springframework/boot/spring-boot-starter/2.1.17.RELEASE/spring-boot-starter-2.1.17.RELEASE.jar:/Users/taoyj/.m2/repository/org/springframework/boot/spring-boot/2.1.17.RELEASE/spring-boot-2.1.17.RELEASE.jar:/Users/taoyj/.m2/repository/org/springframework/boot/spring-boot-starter-logging/2.1.17.RELEASE/spring-boot-starter-logging-2.1.17.RELEASE.jar:/Users/taoyj/.m2/repository/ch/qos/logback/logback-classic/1.2.3/logback-classic-1.2.3.jar:/Users/taoyj/.m2/repository/ch/qos/logback/logback-core/1.2.3/logback-core-1.2.3.jar:/Users/taoyj/.m2/repository/org/apache/logging/log4j/log4j-to-slf4j/2.11.2/log4j-to-slf4j-2.11.2.jar:/Users/taoyj/.m2/repository/org/apache/logging/log4j/log4j-api/2.11.2/log4j-api-2.11.2.jar:/Users/taoyj/.m2/repository/org/slf4j/jul-to-slf4j/1.7.30/jul-to-slf4j-1.7.30.jar:/Users/taoyj/.m2/repository/javax/annotation/javax.annotation-api/1.3.2/javax.annotation-api-1.3.2.jar:/Users/taoyj/.m2/repository/org/springframework/spring-core/5.1.18.RELEASE/spring-core-5.1.18.RELEASE.jar:/Users/taoyj/.m2/repository/org/springframework/spring-jcl/5.1.18.RELEASE/spring-jcl-5.1.18.RELEASE.jar:/Users/taoyj/.m2/repository/org/yaml/snakeyaml/1.23/snakeyaml-1.23.jar:/Users/taoyj/.m2/repository/org/springframework/boot/spring-boot-starter-json/2.1.17.RELEASE/spring-boot-starter-json-2.1.17.RELEASE.jar:/Users/taoyj/.m2/repository/com/fasterxml/jackson/datatype/jackson-datatype-jdk8/2.9.10/jackson-datatype-jdk8-2.9.10.jar:/Users/taoyj/.m2/repository/com/fasterxml/jackson/datatype/jackson-datatype-jsr310/2.9.10/jackson-datatype-jsr310-2.9.10.jar:/Users/taoyj/.m2/repository/com/fasterxml/jackson/module/jackson-module-parameter-names/2.9.10/jackson-module-parameter-names-2.9.10.jar:/Users/taoyj/.m2/repository/org/springframework/boot/spring-boot-starter-tomcat/2.1.17.RELEASE/spring-boot-starter-tomcat-2.1.17.RELEASE.jar:/Users/taoyj/.m2/repository/org/apache/tomcat/embed/tomcat-embed-core/9.0.38/tomcat-embed-core-9.0.38.jar:/Users/taoyj/.m2/repository/org/apache/tomcat/embed/tomcat-embed-el/9.0.38/tomcat-embed-el-9.0.38.jar:/Users/taoyj/.m2/repository/org/apache/tomcat/embed/tomcat-embed-websocket/9.0.38/tomcat-embed-websocket-9.0.38.jar:/Users/taoyj/.m2/repository/org/hibernate/validator/hibernate-validator/6.0.20.Final/hibernate-validator-6.0.20.Final.jar:/Users/taoyj/.m2/repository/javax/validation/validation-api/2.0.1.Final/validation-api-2.0.1.Final.jar:/Users/taoyj/.m2/repository/org/jboss/logging/jboss-logging/3.3.3.Final/jboss-logging-3.3.3.Final.jar:/Users/taoyj/.m2/repository/com/fasterxml/classmate/1.4.0/classmate-1.4.0.jar:/Users/taoyj/.m2/repository/org/springframework/spring-web/5.1.18.RELEASE/spring-web-5.1.18.RELEASE.jar:/Users/taoyj/.m2/repository/org/springframework/spring-beans/5.1.18.RELEASE/spring-beans-5.1.18.RELEASE.jar:/Users/taoyj/.m2/repository/org/springframework/spring-webmvc/5.1.18.RELEASE/spring-webmvc-5.1.18.RELEASE.jar:/Users/taoyj/.m2/repository/org/springframework/spring-context/5.1.18.RELEASE/spring-context-5.1.18.RELEASE.jar:/Users/taoyj/.m2/repository/org/springframework/spring-expression/5.1.18.RELEASE/spring-expression-5.1.18.RELEASE.jar:/Users/taoyj/.m2/repository/org/springframework/boot/spring-boot-starter-security/2.1.17.RELEASE/spring-boot-starter-security-2.1.17.RELEASE.jar:/Users/taoyj/.m2/repository/org/springframework/spring-aop/5.1.18.RELEASE/spring-aop-5.1.18.RELEASE.jar:/Users/taoyj/.m2/repository/org/springframework/security/spring-security-config/5.1.12.RELEASE/spring-security-config-5.1.12.RELEASE.jar:/Users/taoyj/.m2/repository/org/springframework/security/spring-security-core/5.1.12.RELEASE/spring-security-core-5.1.12.RELEASE.jar:/Users/taoyj/.m2/repository/org/springframework/security/spring-security-web/5.1.12.RELEASE/spring-security-web-5.1.12.RELEASE.jar:/Users/taoyj/.m2/repository/com/github/ben-manes/caffeine/caffeine/2.6.2/caffeine-2.6.2.jar:/Users/taoyj/.m2/repository/com/baomidou/mybatis-plus-boot-starter/3.5.2/mybatis-plus-boot-starter-3.5.2.jar:/Users/taoyj/.m2/repository/com/baomidou/mybatis-plus/3.5.2/mybatis-plus-3.5.2.jar:/Users/taoyj/.m2/repository/com/baomidou/mybatis-plus-extension/3.5.2/mybatis-plus-extension-3.5.2.jar:/Users/taoyj/.m2/repository/com/baomidou/mybatis-plus-core/3.5.2/mybatis-plus-core-3.5.2.jar:/Users/taoyj/.m2/repository/com/baomidou/mybatis-plus-annotation/3.5.2/mybatis-plus-annotation-3.5.2.jar:/Users/taoyj/.m2/repository/org/jetbrains/kotlin/kotlin-stdlib-jdk8/1.2.71/kotlin-stdlib-jdk8-1.2.71.jar:/Users/taoyj/.m2/repository/org/jetbrains/kotlin/kotlin-stdlib/1.2.71/kotlin-stdlib-1.2.71.jar:/Users/taoyj/.m2/repository/org/jetbrains/kotlin/kotlin-stdlib-common/1.2.71/kotlin-stdlib-common-1.2.71.jar:/Users/taoyj/.m2/repository/org/jetbrains/annotations/13.0/annotations-13.0.jar:/Users/taoyj/.m2/repository/org/jetbrains/kotlin/kotlin-stdlib-jdk7/1.2.71/kotlin-stdlib-jdk7-1.2.71.jar:/Users/taoyj/.m2/repository/org/springframework/boot/spring-boot-autoconfigure/2.1.17.RELEASE/spring-boot-autoconfigure-2.1.17.RELEASE.jar:/Users/taoyj/.m2/repository/org/springframework/boot/spring-boot-starter-jdbc/2.1.17.RELEASE/spring-boot-starter-jdbc-2.1.17.RELEASE.jar:/Users/taoyj/.m2/repository/com/zaxxer/HikariCP/3.2.0/HikariCP-3.2.0.jar:/Users/taoyj/.m2/repository/org/springframework/spring-jdbc/5.1.18.RELEASE/spring-jdbc-5.1.18.RELEASE.jar:/Users/taoyj/.m2/repository/org/springframework/spring-tx/5.1.18.RELEASE/spring-tx-5.1.18.RELEASE.jar:/Users/taoyj/.m2/repository/org/projectlombok/lombok/1.18.24/lombok-1.18.24.jar:/Users/taoyj/.m2/repository/com/github/pagehelper/pagehelper-spring-boot-starter/1.4.6/pagehelper-spring-boot-starter-1.4.6.jar:/Users/taoyj/.m2/repository/org/mybatis/spring/boot/mybatis-spring-boot-starter/2.2.2/mybatis-spring-boot-starter-2.2.2.jar:/Users/taoyj/.m2/repository/org/mybatis/spring/boot/mybatis-spring-boot-autoconfigure/2.2.2/mybatis-spring-boot-autoconfigure-2.2.2.jar:/Users/taoyj/.m2/repository/org/mybatis/mybatis/3.5.9/mybatis-3.5.9.jar:/Users/taoyj/.m2/repository/org/mybatis/mybatis-spring/2.0.7/mybatis-spring-2.0.7.jar:/Users/taoyj/.m2/repository/com/github/pagehelper/pagehelper-spring-boot-autoconfigure/1.4.6/pagehelper-spring-boot-autoconfigure-1.4.6.jar:/Users/taoyj/.m2/repository/com/github/pagehelper/pagehelper/5.3.2/pagehelper-5.3.2.jar:/Users/taoyj/.m2/repository/com/github/jsqlparser/jsqlparser/4.5/jsqlparser-4.5.jar:/Users/taoyj/.m2/repository/com/alibaba/easyexcel/3.1.3/easyexcel-3.1.3.jar:/Users/taoyj/.m2/repository/com/alibaba/easyexcel-core/3.1.3/easyexcel-core-3.1.3.jar:/Users/taoyj/.m2/repository/com/alibaba/easyexcel-support/3.1.3/easyexcel-support-3.1.3.jar:/Users/taoyj/.m2/repository/org/apache/poi/poi/4.1.2/poi-4.1.2.jar:/Users/taoyj/.m2/repository/commons-codec/commons-codec/1.11/commons-codec-1.11.jar:/Users/taoyj/.m2/repository/org/apache/commons/commons-collections4/4.4/commons-collections4-4.4.jar:/Users/taoyj/.m2/repository/org/apache/commons/commons-math3/3.6.1/commons-math3-3.6.1.jar:/Users/taoyj/.m2/repository/com/zaxxer/SparseBitSet/1.2/SparseBitSet-1.2.jar:/Users/taoyj/.m2/repository/org/apache/poi/poi-ooxml/4.1.2/poi-ooxml-4.1.2.jar:/Users/taoyj/.m2/repository/org/apache/commons/commons-compress/1.19/commons-compress-1.19.jar:/Users/taoyj/.m2/repository/com/github/virtuald/curvesapi/1.06/curvesapi-1.06.jar:/Users/taoyj/.m2/repository/org/apache/poi/poi-ooxml-schemas/4.1.2/poi-ooxml-schemas-4.1.2.jar:/Users/taoyj/.m2/repository/org/apache/xmlbeans/xmlbeans/3.1.0/xmlbeans-3.1.0.jar:/Users/taoyj/.m2/repository/org/apache/commons/commons-csv/1.8/commons-csv-1.8.jar:/Users/taoyj/.m2/repository/org/ehcache/ehcache/3.6.3/ehcache-3.6.3.jar:/Users/taoyj/.m2/repository/org/slf4j/slf4j-api/1.7.30/slf4j-api-1.7.30.jar:/Users/taoyj/.m2/repository/org/mapstruct/mapstruct/1.5.3.Final/mapstruct-1.5.3.Final.jar:/Users/taoyj/.m2/repository/org/mapstruct/mapstruct-jdk8/1.5.3.Final/mapstruct-jdk8-1.5.3.Final.jar:/Users/taoyj/.m2/repository/org/mapstruct/mapstruct-processor/1.5.3.Final/mapstruct-processor-1.5.3.Final.jar:/Users/taoyj/.m2/repository/mysql/mysql-connector-java/8.0.30/mysql-connector-java-8.0.30.jar:/Users/taoyj/.m2/repository/com/auth0/java-jwt/4.2.1/java-jwt-4.2.1.jar:/Users/taoyj/.m2/repository/com/fasterxml/jackson/core/jackson-databind/2.9.10.6/jackson-databind-2.9.10.6.jar:/Users/taoyj/.m2/repository/com/fasterxml/jackson/core/jackson-annotations/2.9.10/jackson-annotations-2.9.10.jar:/Users/taoyj/.m2/repository/com/fasterxml/jackson/core/jackson-core/2.9.10/jackson-core-2.9.10.jar:/Users/taoyj/.m2/repository/eu/bitwalker/UserAgentUtils/1.21/UserAgentUtils-1.21.jar:/Users/taoyj/.m2/repository/com/alibaba/fastjson/2.0.20/fastjson-2.0.20.jar:/Users/taoyj/.m2/repository/com/alibaba/fastjson2/fastjson2-extension/2.0.20/fastjson2-extension-2.0.20.jar:/Users/taoyj/.m2/repository/com/alibaba/fastjson2/fastjson2/2.0.20/fastjson2-2.0.20.jar:"/>
    <property name="sun.cpu.endian" value="little"/>
    <property name="user.home" value="/Users/taoyj"/>
    <property name="user.language" value="zh"/>
    <property name="java.specification.vendor" value="Oracle Corporation"/>
    <property name="java.home" value="/Library/Java/JavaVirtualMachines/zulu-8.jdk/Contents/Home/jre"/>
    <property name="basedir" value="/Users/taoyj/Documents/1-项目管理/1-程序管理/1-开发项目管理/1-珠峰开发管理平台/4-开发平台(开源)/cdp/cdp-system"/>
    <property name="file.separator" value="/"/>
    <property name="line.separator" value="&#10;"/>
    <property name="jdk.vendor.version" value="Zulu 8.58.0.13-CA-macos-aarch64"/>
    <property name="java.vm.specification.vendor" value="Oracle Corporation"/>
    <property name="java.specification.name" value="Java Platform API Specification"/>
    <property name="java.awt.graphicsenv" value="sun.awt.CGraphicsEnvironment"/>
    <property name="surefire.real.class.path" value="/Users/taoyj/Documents/1-项目管理/1-程序管理/1-开发项目管理/1-珠峰开发管理平台/4-开发平台(开源)/cdp/cdp-system/target/surefire/surefirebooter8382305914392774712.jar"/>
    <property name="sun.boot.class.path" value="/Library/Java/JavaVirtualMachines/zulu-8.jdk/Contents/Home/jre/lib/resources.jar:/Library/Java/JavaVirtualMachines/zulu-8.jdk/Contents/Home/jre/lib/rt.jar:/Library/Java/JavaVirtualMachines/zulu-8.jdk/Contents/Home/jre/lib/sunrsasign.jar:/Library/Java/JavaVirtualMachines/zulu-8.jdk/Contents/Home/jre/lib/jsse.jar:/Library/Java/JavaVirtualMachines/zulu-8.jdk/Contents/Home/jre/lib/jce.jar:/Library/Java/JavaVirtualMachines/zulu-8.jdk/Contents/Home/jre/lib/charsets.jar:/Library/Java/JavaVirtualMachines/zulu-8.jdk/Contents/Home/jre/lib/jfr.jar:/Library/Java/JavaVirtualMachines/zulu-8.jdk/Contents/Home/jre/classes"/>
    <property name="sun.management.compiler" value="HotSpot 64-Bit Tiered Compilers"/>
    <property name="java.runtime.version" value="1.8.0_312-b07"/>
    <property name="user.name" value="taoyj"/>
    <property name="path.separator" value=":"/>
    <property name="os.version" value="13.0.1"/>
    <property name="java.endorsed.dirs" value="/Library/Java/JavaVirtualMachines/zulu-8.jdk/Contents/Home/jre/lib/endorsed"/>
    <property name="java.runtime.name" value="OpenJDK Runtime Environment"/>
    <property name="file.encoding" value="UTF-8"/>
    <property name="java.vm.name" value="OpenJDK 64-Bit Server VM"/>
    <property name="localRepository" value="/Users/taoyj/.m2/repository"/>
    <property name="java.vendor.url.bug" value="http://www.azul.com/support/"/>
    <property name="java.io.tmpdir" value="/var/folders/0v/3pf2hhb179g49b_025vh59fw0000gn/T/"/>
    <property name="idea.version" value="2022.3"/>
    <property name="java.version" value="1.8.0_312"/>
    <property name="user.dir" value="/Users/taoyj/Documents/1-项目管理/1-程序管理/1-开发项目管理/1-珠峰开发管理平台/4-开发平台(开源)/cdp/cdp-system"/>
    <property name="os.arch" value="aarch64"/>
    <property name="java.vm.specification.name" value="Java Virtual Machine Specification"/>
    <property name="java.awt.printerjob" value="sun.lwawt.macosx.CPrinterJob"/>
    <property name="sun.os.patch.level" value="unknown"/>
    <property name="java.library.path" value="/Users/taoyj/Library/Java/Extensions:/Library/Java/Extensions:/Network/Library/Java/Extensions:/System/Library/Java/Extensions:/usr/lib/java:."/>
    <property name="java.vm.info" value="mixed mode"/>
    <property name="java.vendor" value="Azul Systems, Inc."/>
    <property name="java.vm.version" value="25.312-b07"/>
    <property name="java.ext.dirs" value="/Users/taoyj/Library/Java/Extensions:/Library/Java/JavaVirtualMachines/zulu-8.jdk/Contents/Home/jre/lib/ext:/Library/Java/Extensions:/Network/Library/Java/Extensions:/System/Library/Java/Extensions:/usr/lib/java"/>
    <property name="sun.io.unicode.encoding" value="UnicodeBig"/>
    <property name="java.class.version" value="52.0"/>
  </properties>
  <testcase name="testApp" classname="com.chomolungma.auth.CdpApplicationTest" time="0.001"/>
</testsuite>